mode: atomic
github.com/danielpenchev98/FMI-Golang/FinalProject/web-server/internal/middleware/authentication_filter.go:23.67,27.2 1 4
github.com/danielpenchev98/FMI-Golang/FinalProject/web-server/internal/middleware/authentication_filter.go:30.49,32.23 2 4
github.com/danielpenchev98/FMI-Golang/FinalProject/web-server/internal/middleware/authentication_filter.go:41.2,42.30 2 3
github.com/danielpenchev98/FMI-Golang/FinalProject/web-server/internal/middleware/authentication_filter.go:53.2,54.16 2 2
github.com/danielpenchev98/FMI-Golang/FinalProject/web-server/internal/middleware/authentication_filter.go:63.2,64.10 2 1
github.com/danielpenchev98/FMI-Golang/FinalProject/web-server/internal/middleware/authentication_filter.go:32.23,39.3 3 1
github.com/danielpenchev98/FMI-Golang/FinalProject/web-server/internal/middleware/authentication_filter.go:42.30,44.3 1 2
github.com/danielpenchev98/FMI-Golang/FinalProject/web-server/internal/middleware/authentication_filter.go:44.8,51.3 3 1
github.com/danielpenchev98/FMI-Golang/FinalProject/web-server/internal/middleware/authentication_filter.go:54.16,61.3 3 1
