mode: atomic
example.com/user/web-server/internal/auth/auth.go:34.51,36.22 2 5
example.com/user/web-server/internal/auth/auth.go:40.2,41.22 2 4
example.com/user/web-server/internal/auth/auth.go:45.2,46.29 2 3
example.com/user/web-server/internal/auth/auth.go:49.2,50.16 2 2
example.com/user/web-server/internal/auth/auth.go:54.2,58.8 1 1
example.com/user/web-server/internal/auth/auth.go:36.22,38.3 1 1
example.com/user/web-server/internal/auth/auth.go:41.22,43.3 1 1
example.com/user/web-server/internal/auth/auth.go:46.29,48.3 1 1
example.com/user/web-server/internal/auth/auth.go:50.16,52.3 1 1
example.com/user/web-server/internal/auth/auth.go:69.69,80.2 3 3
example.com/user/web-server/internal/auth/auth.go:84.79,88.47 1 3
example.com/user/web-server/internal/auth/auth.go:93.2,93.16 1 3
example.com/user/web-server/internal/auth/auth.go:97.2,98.20 2 1
example.com/user/web-server/internal/auth/auth.go:88.47,90.4 1 2
example.com/user/web-server/internal/auth/auth.go:93.16,95.3 1 2
