mode: atomic
example.com/user/web-server/internal/db/dao/uam_dao.go:25.43,27.16 2 0
example.com/user/web-server/internal/db/dao/uam_dao.go:30.2,30.39 1 0
example.com/user/web-server/internal/db/dao/uam_dao.go:27.16,29.3 1 0
example.com/user/web-server/internal/db/dao/uam_dao.go:33.73,37.25 3 4
example.com/user/web-server/internal/db/dao/uam_dao.go:44.2,50.59 3 2
example.com/user/web-server/internal/db/dao/uam_dao.go:54.2,56.12 2 1
example.com/user/web-server/internal/db/dao/uam_dao.go:37.25,40.3 2 1
example.com/user/web-server/internal/db/dao/uam_dao.go:40.8,40.22 1 3
example.com/user/web-server/internal/db/dao/uam_dao.go:40.22,42.3 1 1
example.com/user/web-server/internal/db/dao/uam_dao.go:50.59,53.3 2 1
example.com/user/web-server/internal/db/dao/uam_dao.go:60.52,65.25 3 4
example.com/user/web-server/internal/db/dao/uam_dao.go:72.2,73.86 2 2
example.com/user/web-server/internal/db/dao/uam_dao.go:77.2,79.12 2 1
example.com/user/web-server/internal/db/dao/uam_dao.go:65.25,68.3 2 1
example.com/user/web-server/internal/db/dao/uam_dao.go:68.8,68.23 1 3
example.com/user/web-server/internal/db/dao/uam_dao.go:68.23,70.3 1 1
example.com/user/web-server/internal/db/dao/uam_dao.go:73.86,76.3 2 1
example.com/user/web-server/internal/db/dao/uam_dao.go:82.68,89.53 3 3
example.com/user/web-server/internal/db/dao/uam_dao.go:95.2,95.18 1 1
example.com/user/web-server/internal/db/dao/uam_dao.go:89.53,91.3 1 1
example.com/user/web-server/internal/db/dao/uam_dao.go:91.8,91.32 1 2
example.com/user/web-server/internal/db/dao/uam_dao.go:91.32,93.3 1 1
