mode: atomic
github.com/danielpenchev98/FMI-Golang/FinalProject/web-server/internal/db/dao/uam_dao.go:33.49,35.2 1 33
github.com/danielpenchev98/FMI-Golang/FinalProject/web-server/internal/db/dao/uam_dao.go:37.38,39.2 1 0
github.com/danielpenchev98/FMI-Golang/FinalProject/web-server/internal/db/dao/uam_dao.go:42.73,43.54 1 4
github.com/danielpenchev98/FMI-Golang/FinalProject/web-server/internal/db/dao/uam_dao.go:43.54,47.26 3 4
github.com/danielpenchev98/FMI-Golang/FinalProject/web-server/internal/db/dao/uam_dao.go:54.3,60.54 3 2
github.com/danielpenchev98/FMI-Golang/FinalProject/web-server/internal/db/dao/uam_dao.go:64.3,66.13 2 1
github.com/danielpenchev98/FMI-Golang/FinalProject/web-server/internal/db/dao/uam_dao.go:47.26,50.4 2 1
github.com/danielpenchev98/FMI-Golang/FinalProject/web-server/internal/db/dao/uam_dao.go:50.9,50.23 1 3
github.com/danielpenchev98/FMI-Golang/FinalProject/web-server/internal/db/dao/uam_dao.go:50.23,52.4 1 1
github.com/danielpenchev98/FMI-Golang/FinalProject/web-server/internal/db/dao/uam_dao.go:60.54,63.4 2 1
github.com/danielpenchev98/FMI-Golang/FinalProject/web-server/internal/db/dao/uam_dao.go:71.52,75.25 3 4
github.com/danielpenchev98/FMI-Golang/FinalProject/web-server/internal/db/dao/uam_dao.go:82.2,83.75 2 2
github.com/danielpenchev98/FMI-Golang/FinalProject/web-server/internal/db/dao/uam_dao.go:87.2,89.12 2 1
github.com/danielpenchev98/FMI-Golang/FinalProject/web-server/internal/db/dao/uam_dao.go:75.25,78.3 2 1
github.com/danielpenchev98/FMI-Golang/FinalProject/web-server/internal/db/dao/uam_dao.go:78.8,78.23 1 3
github.com/danielpenchev98/FMI-Golang/FinalProject/web-server/internal/db/dao/uam_dao.go:78.23,80.3 1 1
github.com/danielpenchev98/FMI-Golang/FinalProject/web-server/internal/db/dao/uam_dao.go:83.75,86.3 2 1
github.com/danielpenchev98/FMI-Golang/FinalProject/web-server/internal/db/dao/uam_dao.go:94.68,96.2 1 3
github.com/danielpenchev98/FMI-Golang/FinalProject/web-server/internal/db/dao/uam_dao.go:99.71,100.54 1 5
github.com/danielpenchev98/FMI-Golang/FinalProject/web-server/internal/db/dao/uam_dao.go:100.54,104.26 3 5
github.com/danielpenchev98/FMI-Golang/FinalProject/web-server/internal/db/dao/uam_dao.go:111.3,117.55 3 3
github.com/danielpenchev98/FMI-Golang/FinalProject/web-server/internal/db/dao/uam_dao.go:121.3,130.60 4 2
github.com/danielpenchev98/FMI-Golang/FinalProject/web-server/internal/db/dao/uam_dao.go:134.3,136.13 2 1
github.com/danielpenchev98/FMI-Golang/FinalProject/web-server/internal/db/dao/uam_dao.go:104.26,107.4 2 1
github.com/danielpenchev98/FMI-Golang/FinalProject/web-server/internal/db/dao/uam_dao.go:107.9,107.23 1 4
github.com/danielpenchev98/FMI-Golang/FinalProject/web-server/internal/db/dao/uam_dao.go:107.23,109.4 1 1
github.com/danielpenchev98/FMI-Golang/FinalProject/web-server/internal/db/dao/uam_dao.go:117.55,120.4 2 1
github.com/danielpenchev98/FMI-Golang/FinalProject/web-server/internal/db/dao/uam_dao.go:130.60,133.4 2 1
github.com/danielpenchev98/FMI-Golang/FinalProject/web-server/internal/db/dao/uam_dao.go:141.71,143.2 1 0
github.com/danielpenchev98/FMI-Golang/FinalProject/web-server/internal/db/dao/uam_dao.go:146.92,147.54 1 9
github.com/danielpenchev98/FMI-Golang/FinalProject/web-server/internal/db/dao/uam_dao.go:147.54,156.17 3 9
github.com/danielpenchev98/FMI-Golang/FinalProject/web-server/internal/db/dao/uam_dao.go:162.3,163.17 2 6
github.com/danielpenchev98/FMI-Golang/FinalProject/web-server/internal/db/dao/uam_dao.go:167.3,172.26 2 4
github.com/danielpenchev98/FMI-Golang/FinalProject/web-server/internal/db/dao/uam_dao.go:180.3,186.60 3 2
github.com/danielpenchev98/FMI-Golang/FinalProject/web-server/internal/db/dao/uam_dao.go:191.3,193.13 2 1
github.com/danielpenchev98/FMI-Golang/FinalProject/web-server/internal/db/dao/uam_dao.go:156.17,158.4 1 2
github.com/danielpenchev98/FMI-Golang/FinalProject/web-server/internal/db/dao/uam_dao.go:158.9,158.38 1 7
github.com/danielpenchev98/FMI-Golang/FinalProject/web-server/internal/db/dao/uam_dao.go:158.38,160.4 1 1
github.com/danielpenchev98/FMI-Golang/FinalProject/web-server/internal/db/dao/uam_dao.go:163.17,165.4 1 2
github.com/danielpenchev98/FMI-Golang/FinalProject/web-server/internal/db/dao/uam_dao.go:172.26,176.4 2 1
github.com/danielpenchev98/FMI-Golang/FinalProject/web-server/internal/db/dao/uam_dao.go:176.9,176.24 1 3
github.com/danielpenchev98/FMI-Golang/FinalProject/web-server/internal/db/dao/uam_dao.go:176.24,178.4 1 1
github.com/danielpenchev98/FMI-Golang/FinalProject/web-server/internal/db/dao/uam_dao.go:186.60,190.4 2 1
github.com/danielpenchev98/FMI-Golang/FinalProject/web-server/internal/db/dao/uam_dao.go:198.100,199.54 1 8
github.com/danielpenchev98/FMI-Golang/FinalProject/web-server/internal/db/dao/uam_dao.go:199.54,207.17 3 8
github.com/danielpenchev98/FMI-Golang/FinalProject/web-server/internal/db/dao/uam_dao.go:211.3,212.17 2 6
github.com/danielpenchev98/FMI-Golang/FinalProject/web-server/internal/db/dao/uam_dao.go:216.3,216.59 1 4
github.com/danielpenchev98/FMI-Golang/FinalProject/web-server/internal/db/dao/uam_dao.go:220.3,230.26 4 3
github.com/danielpenchev98/FMI-Golang/FinalProject/web-server/internal/db/dao/uam_dao.go:237.3,239.13 2 1
github.com/danielpenchev98/FMI-Golang/FinalProject/web-server/internal/db/dao/uam_dao.go:207.17,209.4 1 2
github.com/danielpenchev98/FMI-Golang/FinalProject/web-server/internal/db/dao/uam_dao.go:212.17,214.4 1 2
github.com/danielpenchev98/FMI-Golang/FinalProject/web-server/internal/db/dao/uam_dao.go:216.59,218.4 1 1
github.com/danielpenchev98/FMI-Golang/FinalProject/web-server/internal/db/dao/uam_dao.go:230.26,234.4 2 1
github.com/danielpenchev98/FMI-Golang/FinalProject/web-server/internal/db/dao/uam_dao.go:234.9,234.38 1 2
github.com/danielpenchev98/FMI-Golang/FinalProject/web-server/internal/db/dao/uam_dao.go:234.38,236.4 1 1
github.com/danielpenchev98/FMI-Golang/FinalProject/web-server/internal/db/dao/uam_dao.go:243.77,250.53 3 15
github.com/danielpenchev98/FMI-Golang/FinalProject/web-server/internal/db/dao/uam_dao.go:256.2,256.18 1 9
github.com/danielpenchev98/FMI-Golang/FinalProject/web-server/internal/db/dao/uam_dao.go:250.53,252.3 1 3
github.com/danielpenchev98/FMI-Golang/FinalProject/web-server/internal/db/dao/uam_dao.go:252.8,252.32 1 12
github.com/danielpenchev98/FMI-Golang/FinalProject/web-server/internal/db/dao/uam_dao.go:252.32,254.3 1 3
github.com/danielpenchev98/FMI-Golang/FinalProject/web-server/internal/db/dao/uam_dao.go:259.80,266.53 3 17
github.com/danielpenchev98/FMI-Golang/FinalProject/web-server/internal/db/dao/uam_dao.go:272.2,272.19 1 13
github.com/danielpenchev98/FMI-Golang/FinalProject/web-server/internal/db/dao/uam_dao.go:266.53,268.3 1 2
github.com/danielpenchev98/FMI-Golang/FinalProject/web-server/internal/db/dao/uam_dao.go:268.8,268.32 1 15
github.com/danielpenchev98/FMI-Golang/FinalProject/web-server/internal/db/dao/uam_dao.go:268.32,270.3 1 2
