mode: atomic
github.com/danielpenchev98/FMI-Golang/FinalProject/web-server/api/rest/uam_endpoint.go:65.111,71.2 1 32
github.com/danielpenchev98/FMI-Golang/FinalProject/web-server/api/rest/uam_endpoint.go:75.54,79.46 2 6
github.com/danielpenchev98/FMI-Golang/FinalProject/web-server/api/rest/uam_endpoint.go:84.2,84.62 1 5
github.com/danielpenchev98/FMI-Golang/FinalProject/web-server/api/rest/uam_endpoint.go:89.2,90.16 2 3
github.com/danielpenchev98/FMI-Golang/FinalProject/web-server/api/rest/uam_endpoint.go:96.2,96.80 1 3
github.com/danielpenchev98/FMI-Golang/FinalProject/web-server/api/rest/uam_endpoint.go:102.2,104.4 1 1
github.com/danielpenchev98/FMI-Golang/FinalProject/web-server/api/rest/uam_endpoint.go:79.46,82.3 2 1
github.com/danielpenchev98/FMI-Golang/FinalProject/web-server/api/rest/uam_endpoint.go:84.62,87.3 2 2
github.com/danielpenchev98/FMI-Golang/FinalProject/web-server/api/rest/uam_endpoint.go:90.16,94.3 3 0
github.com/danielpenchev98/FMI-Golang/FinalProject/web-server/api/rest/uam_endpoint.go:96.80,100.3 3 2
github.com/danielpenchev98/FMI-Golang/FinalProject/web-server/api/rest/uam_endpoint.go:108.54,110.16 2 3
github.com/danielpenchev98/FMI-Golang/FinalProject/web-server/api/rest/uam_endpoint.go:114.2,114.57 1 3
github.com/danielpenchev98/FMI-Golang/FinalProject/web-server/api/rest/uam_endpoint.go:120.2,122.4 1 1
github.com/danielpenchev98/FMI-Golang/FinalProject/web-server/api/rest/uam_endpoint.go:110.16,112.3 1 0
github.com/danielpenchev98/FMI-Golang/FinalProject/web-server/api/rest/uam_endpoint.go:114.57,118.3 3 2
github.com/danielpenchev98/FMI-Golang/FinalProject/web-server/api/rest/uam_endpoint.go:126.49,128.51 2 6
github.com/danielpenchev98/FMI-Golang/FinalProject/web-server/api/rest/uam_endpoint.go:133.2,134.16 2 5
github.com/danielpenchev98/FMI-Golang/FinalProject/web-server/api/rest/uam_endpoint.go:144.2,145.16 2 3
github.com/danielpenchev98/FMI-Golang/FinalProject/web-server/api/rest/uam_endpoint.go:150.2,151.16 2 2
github.com/danielpenchev98/FMI-Golang/FinalProject/web-server/api/rest/uam_endpoint.go:157.2,160.4 1 1
github.com/danielpenchev98/FMI-Golang/FinalProject/web-server/api/rest/uam_endpoint.go:128.51,131.3 2 1
github.com/danielpenchev98/FMI-Golang/FinalProject/web-server/api/rest/uam_endpoint.go:134.16,135.50 1 2
github.com/danielpenchev98/FMI-Golang/FinalProject/web-server/api/rest/uam_endpoint.go:141.3,141.9 1 2
github.com/danielpenchev98/FMI-Golang/FinalProject/web-server/api/rest/uam_endpoint.go:135.50,137.4 1 1
github.com/danielpenchev98/FMI-Golang/FinalProject/web-server/api/rest/uam_endpoint.go:137.9,140.4 2 1
github.com/danielpenchev98/FMI-Golang/FinalProject/web-server/api/rest/uam_endpoint.go:145.16,148.3 2 1
github.com/danielpenchev98/FMI-Golang/FinalProject/web-server/api/rest/uam_endpoint.go:151.16,155.3 3 1
github.com/danielpenchev98/FMI-Golang/FinalProject/web-server/api/rest/uam_endpoint.go:163.55,165.16 2 5
github.com/danielpenchev98/FMI-Golang/FinalProject/web-server/api/rest/uam_endpoint.go:169.2,170.46 2 5
github.com/danielpenchev98/FMI-Golang/FinalProject/web-server/api/rest/uam_endpoint.go:176.2,176.66 1 4
github.com/danielpenchev98/FMI-Golang/FinalProject/web-server/api/rest/uam_endpoint.go:183.2,183.66 1 3
github.com/danielpenchev98/FMI-Golang/FinalProject/web-server/api/rest/uam_endpoint.go:189.2,191.4 1 1
github.com/danielpenchev98/FMI-Golang/FinalProject/web-server/api/rest/uam_endpoint.go:165.16,167.3 1 0
github.com/danielpenchev98/FMI-Golang/FinalProject/web-server/api/rest/uam_endpoint.go:170.46,173.3 2 1
github.com/danielpenchev98/FMI-Golang/FinalProject/web-server/api/rest/uam_endpoint.go:176.66,181.3 4 1
github.com/danielpenchev98/FMI-Golang/FinalProject/web-server/api/rest/uam_endpoint.go:183.66,187.3 3 2
github.com/danielpenchev98/FMI-Golang/FinalProject/web-server/api/rest/uam_endpoint.go:194.53,196.16 2 4
github.com/danielpenchev98/FMI-Golang/FinalProject/web-server/api/rest/uam_endpoint.go:200.2,201.46 2 4
github.com/danielpenchev98/FMI-Golang/FinalProject/web-server/api/rest/uam_endpoint.go:206.2,206.82 1 3
github.com/danielpenchev98/FMI-Golang/FinalProject/web-server/api/rest/uam_endpoint.go:212.2,214.4 1 1
github.com/danielpenchev98/FMI-Golang/FinalProject/web-server/api/rest/uam_endpoint.go:196.16,198.3 1 0
github.com/danielpenchev98/FMI-Golang/FinalProject/web-server/api/rest/uam_endpoint.go:201.46,204.3 2 1
github.com/danielpenchev98/FMI-Golang/FinalProject/web-server/api/rest/uam_endpoint.go:206.82,210.3 3 2
github.com/danielpenchev98/FMI-Golang/FinalProject/web-server/api/rest/uam_endpoint.go:217.60,219.16 2 4
github.com/danielpenchev98/FMI-Golang/FinalProject/web-server/api/rest/uam_endpoint.go:223.2,224.46 2 4
github.com/danielpenchev98/FMI-Golang/FinalProject/web-server/api/rest/uam_endpoint.go:229.2,229.87 1 3
github.com/danielpenchev98/FMI-Golang/FinalProject/web-server/api/rest/uam_endpoint.go:235.2,237.4 1 1
github.com/danielpenchev98/FMI-Golang/FinalProject/web-server/api/rest/uam_endpoint.go:219.16,221.3 1 0
github.com/danielpenchev98/FMI-Golang/FinalProject/web-server/api/rest/uam_endpoint.go:224.46,227.3 2 1
github.com/danielpenchev98/FMI-Golang/FinalProject/web-server/api/rest/uam_endpoint.go:229.87,233.3 3 2
github.com/danielpenchev98/FMI-Golang/FinalProject/web-server/api/rest/uam_endpoint.go:240.55,242.16 2 4
github.com/danielpenchev98/FMI-Golang/FinalProject/web-server/api/rest/uam_endpoint.go:246.2,247.45 2 4
github.com/danielpenchev98/FMI-Golang/FinalProject/web-server/api/rest/uam_endpoint.go:252.2,252.66 1 3
github.com/danielpenchev98/FMI-Golang/FinalProject/web-server/api/rest/uam_endpoint.go:258.2,260.4 1 1
github.com/danielpenchev98/FMI-Golang/FinalProject/web-server/api/rest/uam_endpoint.go:242.16,244.3 1 0
github.com/danielpenchev98/FMI-Golang/FinalProject/web-server/api/rest/uam_endpoint.go:247.45,250.3 2 1
github.com/danielpenchev98/FMI-Golang/FinalProject/web-server/api/rest/uam_endpoint.go:252.66,256.3 3 2
github.com/danielpenchev98/FMI-Golang/FinalProject/web-server/api/rest/uam_endpoint.go:263.85,264.64 1 5
github.com/danielpenchev98/FMI-Golang/FinalProject/web-server/api/rest/uam_endpoint.go:268.2,268.64 1 4
github.com/danielpenchev98/FMI-Golang/FinalProject/web-server/api/rest/uam_endpoint.go:271.2,271.12 1 3
github.com/danielpenchev98/FMI-Golang/FinalProject/web-server/api/rest/uam_endpoint.go:264.64,266.3 1 1
github.com/danielpenchev98/FMI-Golang/FinalProject/web-server/api/rest/uam_endpoint.go:268.64,270.3 1 1
github.com/danielpenchev98/FMI-Golang/FinalProject/web-server/api/rest/uam_endpoint.go:274.53,276.9 2 20
github.com/danielpenchev98/FMI-Golang/FinalProject/web-server/api/rest/uam_endpoint.go:281.2,282.33 2 20
github.com/danielpenchev98/FMI-Golang/FinalProject/web-server/api/rest/uam_endpoint.go:285.2,285.20 1 20
github.com/danielpenchev98/FMI-Golang/FinalProject/web-server/api/rest/uam_endpoint.go:276.9,279.3 2 0
github.com/danielpenchev98/FMI-Golang/FinalProject/web-server/api/rest/uam_endpoint.go:282.33,284.3 1 0
