mode: atomic
github.com/danielpenchev98/FMI-Golang/FinalProject/web-server/api/rest/uam_endpoint.go:64.111,70.2 1 0
github.com/danielpenchev98/FMI-Golang/FinalProject/web-server/api/rest/uam_endpoint.go:74.54,78.46 2 0
github.com/danielpenchev98/FMI-Golang/FinalProject/web-server/api/rest/uam_endpoint.go:83.2,83.62 1 0
github.com/danielpenchev98/FMI-Golang/FinalProject/web-server/api/rest/uam_endpoint.go:88.2,89.16 2 0
github.com/danielpenchev98/FMI-Golang/FinalProject/web-server/api/rest/uam_endpoint.go:95.2,95.80 1 0
github.com/danielpenchev98/FMI-Golang/FinalProject/web-server/api/rest/uam_endpoint.go:101.2,103.4 1 0
github.com/danielpenchev98/FMI-Golang/FinalProject/web-server/api/rest/uam_endpoint.go:78.46,81.3 2 0
github.com/danielpenchev98/FMI-Golang/FinalProject/web-server/api/rest/uam_endpoint.go:83.62,86.3 2 0
github.com/danielpenchev98/FMI-Golang/FinalProject/web-server/api/rest/uam_endpoint.go:89.16,93.3 3 0
github.com/danielpenchev98/FMI-Golang/FinalProject/web-server/api/rest/uam_endpoint.go:95.80,99.3 3 0
github.com/danielpenchev98/FMI-Golang/FinalProject/web-server/api/rest/uam_endpoint.go:107.54,109.9 2 0
github.com/danielpenchev98/FMI-Golang/FinalProject/web-server/api/rest/uam_endpoint.go:115.2,116.33 2 0
github.com/danielpenchev98/FMI-Golang/FinalProject/web-server/api/rest/uam_endpoint.go:120.2,120.58 1 0
github.com/danielpenchev98/FMI-Golang/FinalProject/web-server/api/rest/uam_endpoint.go:126.2,128.4 1 0
github.com/danielpenchev98/FMI-Golang/FinalProject/web-server/api/rest/uam_endpoint.go:109.9,113.3 3 0
github.com/danielpenchev98/FMI-Golang/FinalProject/web-server/api/rest/uam_endpoint.go:116.33,118.3 1 0
github.com/danielpenchev98/FMI-Golang/FinalProject/web-server/api/rest/uam_endpoint.go:120.58,124.3 3 0
github.com/danielpenchev98/FMI-Golang/FinalProject/web-server/api/rest/uam_endpoint.go:132.49,134.51 2 0
github.com/danielpenchev98/FMI-Golang/FinalProject/web-server/api/rest/uam_endpoint.go:139.2,140.16 2 0
github.com/danielpenchev98/FMI-Golang/FinalProject/web-server/api/rest/uam_endpoint.go:150.2,151.16 2 0
github.com/danielpenchev98/FMI-Golang/FinalProject/web-server/api/rest/uam_endpoint.go:156.2,157.16 2 0
github.com/danielpenchev98/FMI-Golang/FinalProject/web-server/api/rest/uam_endpoint.go:163.2,166.4 1 0
github.com/danielpenchev98/FMI-Golang/FinalProject/web-server/api/rest/uam_endpoint.go:134.51,137.3 2 0
github.com/danielpenchev98/FMI-Golang/FinalProject/web-server/api/rest/uam_endpoint.go:140.16,141.50 1 0
github.com/danielpenchev98/FMI-Golang/FinalProject/web-server/api/rest/uam_endpoint.go:147.3,147.9 1 0
github.com/danielpenchev98/FMI-Golang/FinalProject/web-server/api/rest/uam_endpoint.go:141.50,143.4 1 0
github.com/danielpenchev98/FMI-Golang/FinalProject/web-server/api/rest/uam_endpoint.go:143.9,146.4 2 0
github.com/danielpenchev98/FMI-Golang/FinalProject/web-server/api/rest/uam_endpoint.go:151.16,154.3 2 0
github.com/danielpenchev98/FMI-Golang/FinalProject/web-server/api/rest/uam_endpoint.go:157.16,161.3 3 0
github.com/danielpenchev98/FMI-Golang/FinalProject/web-server/api/rest/uam_endpoint.go:169.55,171.9 2 0
github.com/danielpenchev98/FMI-Golang/FinalProject/web-server/api/rest/uam_endpoint.go:177.2,178.33 2 0
github.com/danielpenchev98/FMI-Golang/FinalProject/web-server/api/rest/uam_endpoint.go:182.2,183.46 2 0
github.com/danielpenchev98/FMI-Golang/FinalProject/web-server/api/rest/uam_endpoint.go:189.2,189.67 1 0
github.com/danielpenchev98/FMI-Golang/FinalProject/web-server/api/rest/uam_endpoint.go:196.2,196.67 1 0
github.com/danielpenchev98/FMI-Golang/FinalProject/web-server/api/rest/uam_endpoint.go:202.2,204.4 1 0
github.com/danielpenchev98/FMI-Golang/FinalProject/web-server/api/rest/uam_endpoint.go:171.9,175.3 3 0
github.com/danielpenchev98/FMI-Golang/FinalProject/web-server/api/rest/uam_endpoint.go:178.33,180.3 1 0
github.com/danielpenchev98/FMI-Golang/FinalProject/web-server/api/rest/uam_endpoint.go:183.46,186.3 2 0
github.com/danielpenchev98/FMI-Golang/FinalProject/web-server/api/rest/uam_endpoint.go:189.67,194.3 4 0
github.com/danielpenchev98/FMI-Golang/FinalProject/web-server/api/rest/uam_endpoint.go:196.67,200.3 3 0
github.com/danielpenchev98/FMI-Golang/FinalProject/web-server/api/rest/uam_endpoint.go:207.53,209.9 2 0
github.com/danielpenchev98/FMI-Golang/FinalProject/web-server/api/rest/uam_endpoint.go:215.2,216.33 2 0
github.com/danielpenchev98/FMI-Golang/FinalProject/web-server/api/rest/uam_endpoint.go:220.2,221.46 2 0
github.com/danielpenchev98/FMI-Golang/FinalProject/web-server/api/rest/uam_endpoint.go:227.2,227.67 1 0
github.com/danielpenchev98/FMI-Golang/FinalProject/web-server/api/rest/uam_endpoint.go:236.2,236.83 1 0
github.com/danielpenchev98/FMI-Golang/FinalProject/web-server/api/rest/uam_endpoint.go:242.2,244.4 1 0
github.com/danielpenchev98/FMI-Golang/FinalProject/web-server/api/rest/uam_endpoint.go:209.9,213.3 3 0
github.com/danielpenchev98/FMI-Golang/FinalProject/web-server/api/rest/uam_endpoint.go:216.33,218.3 1 0
github.com/danielpenchev98/FMI-Golang/FinalProject/web-server/api/rest/uam_endpoint.go:221.46,224.3 2 0
github.com/danielpenchev98/FMI-Golang/FinalProject/web-server/api/rest/uam_endpoint.go:227.67,231.3 3 0
github.com/danielpenchev98/FMI-Golang/FinalProject/web-server/api/rest/uam_endpoint.go:231.8,231.72 1 0
github.com/danielpenchev98/FMI-Golang/FinalProject/web-server/api/rest/uam_endpoint.go:231.72,234.3 2 0
github.com/danielpenchev98/FMI-Golang/FinalProject/web-server/api/rest/uam_endpoint.go:236.83,240.3 3 0
github.com/danielpenchev98/FMI-Golang/FinalProject/web-server/api/rest/uam_endpoint.go:247.60,249.9 2 0
github.com/danielpenchev98/FMI-Golang/FinalProject/web-server/api/rest/uam_endpoint.go:255.2,256.33 2 0
github.com/danielpenchev98/FMI-Golang/FinalProject/web-server/api/rest/uam_endpoint.go:260.2,261.46 2 0
github.com/danielpenchev98/FMI-Golang/FinalProject/web-server/api/rest/uam_endpoint.go:267.2,267.67 1 0
github.com/danielpenchev98/FMI-Golang/FinalProject/web-server/api/rest/uam_endpoint.go:276.2,276.88 1 0
github.com/danielpenchev98/FMI-Golang/FinalProject/web-server/api/rest/uam_endpoint.go:282.2,284.4 1 0
github.com/danielpenchev98/FMI-Golang/FinalProject/web-server/api/rest/uam_endpoint.go:249.9,253.3 3 0
github.com/danielpenchev98/FMI-Golang/FinalProject/web-server/api/rest/uam_endpoint.go:256.33,258.3 1 0
github.com/danielpenchev98/FMI-Golang/FinalProject/web-server/api/rest/uam_endpoint.go:261.46,264.3 2 0
github.com/danielpenchev98/FMI-Golang/FinalProject/web-server/api/rest/uam_endpoint.go:267.67,271.3 3 0
github.com/danielpenchev98/FMI-Golang/FinalProject/web-server/api/rest/uam_endpoint.go:271.8,271.72 1 0
github.com/danielpenchev98/FMI-Golang/FinalProject/web-server/api/rest/uam_endpoint.go:271.72,274.3 2 0
github.com/danielpenchev98/FMI-Golang/FinalProject/web-server/api/rest/uam_endpoint.go:276.88,280.3 3 0
github.com/danielpenchev98/FMI-Golang/FinalProject/web-server/api/rest/uam_endpoint.go:287.85,288.64 1 0
github.com/danielpenchev98/FMI-Golang/FinalProject/web-server/api/rest/uam_endpoint.go:292.2,292.64 1 0
github.com/danielpenchev98/FMI-Golang/FinalProject/web-server/api/rest/uam_endpoint.go:295.2,295.12 1 0
github.com/danielpenchev98/FMI-Golang/FinalProject/web-server/api/rest/uam_endpoint.go:288.64,290.3 1 0
github.com/danielpenchev98/FMI-Golang/FinalProject/web-server/api/rest/uam_endpoint.go:292.64,294.3 1 0
