mode: atomic
github.com/danielpenchev98/FMI-Golang/FinalProject/web-server/internal/validator/validator.go:29.42,34.2 1 9
github.com/danielpenchev98/FMI-Golang/FinalProject/web-server/internal/validator/validator.go:38.66,40.2 1 5
github.com/danielpenchev98/FMI-Golang/FinalProject/web-server/internal/validator/validator.go:44.66,46.2 1 4
github.com/danielpenchev98/FMI-Golang/FinalProject/web-server/internal/validator/validator.go:48.52,49.29 1 9
github.com/danielpenchev98/FMI-Golang/FinalProject/web-server/internal/validator/validator.go:55.2,55.12 1 2
github.com/danielpenchev98/FMI-Golang/FinalProject/web-server/internal/validator/validator.go:49.29,51.15 2 18
github.com/danielpenchev98/FMI-Golang/FinalProject/web-server/internal/validator/validator.go:51.15,53.4 1 7
github.com/danielpenchev98/FMI-Golang/FinalProject/web-server/internal/validator/validator.go:58.37,64.2 1 9
github.com/danielpenchev98/FMI-Golang/FinalProject/web-server/internal/validator/validator.go:66.37,72.2 1 9
